#-----------------------------------------------------------
# Vivado v2016.2 (64-bit)
# SW Build 1577090 on Thu Jun  2 16:32:35 MDT 2016
# IP Build 1577682 on Fri Jun  3 12:00:54 MDT 2016
# Start of session at: Mon Nov 12 12:50:36 2018
# Process ID: 24139
# Current directory: /afs/athena.mit.edu/user/b/j/bjomard/Documents/project/risc_processor
# Command line: vivado
# Log file: /afs/athena.mit.edu/user/b/j/bjomard/Documents/project/risc_processor/vivado.log
# Journal file: /afs/athena.mit.edu/user/b/j/bjomard/Documents/project/risc_processor/vivado.jou
#-----------------------------------------------------------
start_gui
open_project /afs/athena.mit.edu/user/b/j/bjomard/Documents/project/risc_processor/risc_processor.xpr
INFO: [Project 1-313] Project file moved from '/afs/athena.mit.edu/user/q/p/qpm3/6.111/risc_processor' since last save.
Scanning sources...
Finished scanning sources
INFO: [filemgmt 56-1] IPUserFilesDir: Directory not found as '/afs/athena.mit.edu/user/b/j/bjomard/Documents/project/risc_processor/risc_processor.ip_user_files'; using path '/afs/athena.mit.edu/user/q/p/qpm3/6.111/risc_processor/risc_processor.ip_user_files' instead.
INFO: [IP_Flow 19-234] Refreshing IP repositories
INFO: [IP_Flow 19-1704] No user IP repositories specified
INFO: [IP_Flow 19-2313] Loaded Vivado IP repository '/var/local/xilinx-local/Vivado/2016.2/data/ip'.
update_compile_order -fileset sources_1
