#-----------------------------------------------------------
# Vivado v2016.2 (64-bit)
# SW Build 1577090 on Thu Jun  2 16:32:35 MDT 2016
# IP Build 1577682 on Fri Jun  3 12:00:54 MDT 2016
# Start of session at: Mon Nov 12 11:50:25 2018
# Process ID: 13170
# Current directory: /afs/athena.mit.edu/user/q/p/qpm3/6.111/risc_processor
# Command line: vivado
# Log file: /afs/athena.mit.edu/user/q/p/qpm3/6.111/risc_processor/vivado.log
# Journal file: /afs/athena.mit.edu/user/q/p/qpm3/6.111/risc_processor/vivado.jou
#-----------------------------------------------------------
start_gui
create_project risc_processor . -part xc7a100tcsg324-3
INFO: [IP_Flow 19-234] Refreshing IP repositories
INFO: [IP_Flow 19-1704] No user IP repositories specified
INFO: [IP_Flow 19-2313] Loaded Vivado IP repository '/var/local/xilinx-local/Vivado/2016.2/data/ip'.
add_files -norecurse {/afs/athena.mit.edu/user/q/p/qpm3/6.111/risc_processor/alu.v /afs/athena.mit.edu/user/q/p/qpm3/6.111/risc_processor/ctl.v /afs/athena.mit.edu/user/q/p/qpm3/6.111/risc_processor/regfile.v}
update_compile_order -fileset sources_1
update_compile_order -fileset sim_1
update_compile_order -fileset sources_1
exit
INFO: [Common 17-206] Exiting Vivado at Mon Nov 12 12:02:15 2018...
