#-----------------------------------------------------------
# Vivado v2016.2 (64-bit)
# SW Build 1577090 on Thu Jun  2 16:32:35 MDT 2016
# IP Build 1577682 on Fri Jun  3 12:00:54 MDT 2016
# Start of session at: Mon Nov 12 12:02:23 2018
# Process ID: 14045
# Current directory: /afs/athena.mit.edu/user/q/p/qpm3/6.111/risc_processor
# Command line: vivado
# Log file: /afs/athena.mit.edu/user/q/p/qpm3/6.111/risc_processor/vivado.log
# Journal file: /afs/athena.mit.edu/user/q/p/qpm3/6.111/risc_processor/vivado.jou
#-----------------------------------------------------------
start_gui
open_project /afs/athena.mit.edu/user/q/p/qpm3/6.111/risc_processor/risc_processor.xpr
Scanning sources...
Finished scanning sources
INFO: [IP_Flow 19-234] Refreshing IP repositories
INFO: [IP_Flow 19-1704] No user IP repositories specified
INFO: [IP_Flow 19-2313] Loaded Vivado IP repository '/var/local/xilinx-local/Vivado/2016.2/data/ip'.
update_compile_order -fileset sources_1
file mkdir /afs/athena.mit.edu/user/q/p/qpm3/6.111/risc_processor/risc_processor.srcs/sources_1/new
close [ open /afs/athena.mit.edu/user/q/p/qpm3/6.111/risc_processor/risc_processor.srcs/sources_1/new/risc_constants.vh w ]
add_files /afs/athena.mit.edu/user/q/p/qpm3/6.111/risc_processor/risc_processor.srcs/sources_1/new/risc_constants.vh
update_compile_order -fileset sources_1
exit
INFO: [Common 17-206] Exiting Vivado at Mon Nov 12 12:47:32 2018...
